<01:40:22.701547> info [ZMqPubSubPrimaryStrategy::setupSend:22] on tcp://127.0.0.1:6666
<01:40:22.701887> info [ZMqReqRepPrimaryStrategy::setupSend:25] on tcp://127.0.0.1:5555
<01:40:22.701970> info [UserCommandParser::receiveAndLex:34] Please pass your command ( Pascal Case )
<01:40:56.584982> info [DummyScan::execute:27] 
<01:40:56.585129> info [ZMqPubSubPrimaryStrategy::send:35] 7e ff bf 81 f0 8 1 2 33 33 3 2 ff ff 13 37 7e 
<01:40:56.888292> info [ZMqPubSubPrimaryStrategy::send:35] 7e ff bf 81 f0 8 1 2 33 33 3 2 ff ff 13 37 7e 
<01:40:57.194233> info [ZMqPubSubPrimaryStrategy::send:35] 7e ff bf 81 f0 8 1 2 33 33 3 2 ff ff 13 37 7e 
<01:40:57.506573> info [ZMqPubSubPrimaryStrategy::send:35] 7e ff bf 81 f0 8 1 2 33 33 3 2 ff ff 13 37 7e 
<01:40:57.807764> info [ZMqPubSubPrimaryStrategy::send:35] 7e ff bf 81 f0 8 1 2 33 33 3 2 ff ff 13 37 7e 
<01:40:58.121425> info [ZMqPubSubPrimaryStrategy::send:35] 7e ff bf 81 f0 8 1 2 33 33 3 2 ff ff 13 37 7e 
<01:40:58.422405> info [ZMqPubSubPrimaryStrategy::send:35] 7e ff bf 81 f0 8 1 2 33 33 3 2 ff ff 13 37 7e 
<01:40:58.765170> info [UserCommandParser::receiveAndLex:34] Please pass your command ( Pascal Case )
<01:41:00.160840> info [CMenu::runImpl:68] { 
SetLinkSpeed
AddressAssignment
AISGProtocolVersion
DeviceScan
HDLCParameters
LinkEstablishment
3GPPReleaseID
Calibrate
 }
<01:41:00.160936> info [UserCommandParser::receiveAndLex:34] Please pass your command ( Pascal Case )
<01:41:05.459650> info [AddressAssignment::execute:21] 
<01:41:05.459844> info [ZMqReqRepPrimaryStrategy::send:37] 7e ff bf 81 f0 11 1 9 4e 4b 34 36 35 30 30 30 30 2 1 3 4 1 1 13 37 7e 
<01:41:06.460786> debug [ZMqReqRepPrimaryStrategy::receive:46] 7e 3 bf 81 f0 12 1 9 4e 4b 34 36 35 30 30 30 30 4 1 1 6 2 4e 4b 13 37 7e 
<01:41:06.461099> info [UserCommandParser::receiveAndLex:34] Please pass your command ( Pascal Case )
<01:41:11.479561> info [AISGProtocolVersion::execute:22] 
<01:41:11.479719> info [ZMqReqRepPrimaryStrategy::send:37] 7e 3 bf 81 f0 3 14 1 2 13 37 7e 
<01:41:12.485479> debug [ZMqReqRepPrimaryStrategy::receive:46] 7e 3 bf 81 f0 3 14 1 2 13 37 7e 
<01:41:12.485829> info [UserCommandParser::receiveAndLex:34] Please pass your command ( Pascal Case )
<01:41:17.741647> info [DeviceScan::execute:23] 
<01:41:17.741806> info [ZMqReqRepPrimaryStrategy::send:37] 7e ff bf 81 f0 8 1 2 0 0 3 2 0 0 13 37 7e 
<01:41:18.743370> debug [ZMqReqRepPrimaryStrategy::receive:46] 7e 0 bf 81 f0 12 1 9 4e 4b 34 36 35 30 30 30 30 4 1 1 6 2 4e 4b 13 37 7e 
<01:41:18.743554> info [UserCommandParser::receiveAndLex:34] Please pass your command ( Pascal Case )
<01:41:23.806075> info [LinkEstablishment::execute:20] 
<01:41:23.806209> info [ZMqReqRepPrimaryStrategy::send:37] 7e 3 93 13 37 7e 
<01:41:24.812150> debug [ZMqReqRepPrimaryStrategy::receive:46] 7e 3 73 13 37 7e 
<01:41:24.812412> info [UserCommandParser::receiveAndLex:34] Please pass your command ( Pascal Case )
<01:41:29.058188> info [Calibrate::execute:20] 
<01:41:29.058310> info [ZMqReqRepPrimaryStrategy::send:37] 7e 3 10 31 0 0 13 37 7e 
<01:41:30.100991> debug [ZMqReqRepPrimaryStrategy::receive:46] 7e 3 30 31 1 0 0 13 37 7e 
<01:41:30.101131> info [UserCommandParser::receiveAndLex:34] Please pass your command ( Pascal Case )
<01:41:31.998110> info [CMenu::runImpl:75] asd - not supported, please check command constraints, paste 'help' or 'exit'
<01:41:31.998169> info [UserCommandParser::receiveAndLex:34] Please pass your command ( Pascal Case )
<01:41:34.861291> error [DummyScanValidationStrategy::validateInputCorrectness:8] Requires path of port as second argument
<01:41:34.861349> warning [CMenu::interpretControllerCommand:87] Validation rejected the command
<01:41:34.861380> info [UserCommandParser::receiveAndLex:34] Please pass your command ( Pascal Case )
